app/build/outputs/logs/manifest-merger-debug-report.txt
-- Merging decision tree log ---
manifest
ADDED from src/main/AndroidManifest.xml:2:1-34:12
	package
		ADDED from src/main/AndroidManifest.xml:3:1-40
		INJECTED from src/main/AndroidManifest.xml
		INJECTED from src/main/AndroidManifest.xml
	android:versionName
		ADDED from src/main/AndroidManifest.xml:5:1-26
		INJECTED from src/main/AndroidManifest.xml
		INJECTED from src/main/AndroidManifest.xml
	android:versionCode
		ADDED from src/main/AndroidManifest.xml:4:1-24
		INJECTED from src/main/AndroidManifest.xml
		INJECTED from src/main/AndroidManifest.xml
	xmlns:android
		ADDED from src/main/AndroidManifest.xml:2:11-69
uses-permission#android.permission.INTERNET
ADDED from src/main/AndroidManifest.xml:7:1-62
	android:name
		ADDED from src/main/AndroidManifest.xml:7:18-60
application
ADDED from src/main/AndroidManifest.xml:9:1-32:15
MERGED from [com.android.support:appcompat-v7:22.2.1] AndroidManifest.xml:22:5-20
MERGED from [com.android.support:support-v4:22.2.1] AndroidManifest.xml:22:5-20
MERGED from [com.android.support:design:22.2.1] AndroidManifest.xml:22:5-20
MERGED from [com.android.support:appcompat-v7:22.2.1] AndroidManifest.xml:22:5-20
MERGED from [com.android.support:support-v4:22.2.1] AndroidManifest.xml:22:5-20
MERGED from [com.android.support:support-v4:22.2.1] AndroidManifest.xml:22:5-20
	android:label
		ADDED from src/main/AndroidManifest.xml:12:5-37
	android:allowBackup
		ADDED from src/main/AndroidManifest.xml:10:5-31
	android:icon
		ADDED from src/main/AndroidManifest.xml:11:5-39
	android:theme
		ADDED from src/main/AndroidManifest.xml:13:5-36
activity#com.theflyingfortress.favours.MainActivity
ADDED from src/main/AndroidManifest.xml:14:5-22:16
	android:label
		ADDED from src/main/AndroidManifest.xml:16:9-41
	android:name
		ADDED from src/main/AndroidManifest.xml:15:9-37
intent-filter#android.intent.action.MAIN+android.intent.category.LAUNCHER
ADDED from src/main/AndroidManifest.xml:17:9-21:25
action#android.intent.action.MAIN
ADDED from src/main/AndroidManifest.xml:18:13-65
	android:name
		ADDED from src/main/AndroidManifest.xml:18:21-62
category#android.intent.category.LAUNCHER
ADDED from src/main/AndroidManifest.xml:20:13-73
	android:name
		ADDED from src/main/AndroidManifest.xml:20:23-70
activity#com.theflyingfortress.favours.RequestActivity
ADDED from src/main/AndroidManifest.xml:24:5-26:44
	android:label
		ADDED from src/main/AndroidManifest.xml:26:9-41
	android:name
		ADDED from src/main/AndroidManifest.xml:25:9-40
activity#com.theflyingfortress.favours.ListActivity
ADDED from src/main/AndroidManifest.xml:28:5-30:44
	android:label
		ADDED from src/main/AndroidManifest.xml:30:9-41
	android:name
		ADDED from src/main/AndroidManifest.xml:29:9-37
uses-sdk
INJECTED from src/main/AndroidManifest.xml reason: use-sdk injection requested
MERGED from [com.android.support:appcompat-v7:22.2.1] AndroidManifest.xml:20:5-43
MERGED from [com.android.support:support-v4:22.2.1] AndroidManifest.xml:20:5-43
MERGED from [com.android.support:design:22.2.1] AndroidManifest.xml:20:5-43
MERGED from [com.android.support:appcompat-v7:22.2.1] AndroidManifest.xml:20:5-43
MERGED from [com.android.support:support-v4:22.2.1] AndroidManifest.xml:20:5-43
MERGED from [com.android.support:support-v4:22.2.1] AndroidManifest.xml:20:5-43
	android:targetSdkVersion
		INJECTED from src/main/AndroidManifest.xml
		INJECTED from src/main/AndroidManifest.xml
	android:minSdkVersion
		INJECTED from src/main/AndroidManifest.xml
		INJECTED from src/main/AndroidManifest.xml